<?xml version="1.0" encoding="UTF-8"?>
<testng-results ignored="0" total="2" passed="2" failed="0" skipped="0">
  <reporter-output>
  </reporter-output>
  <suite started-at="2023-05-23T12:02:58 IST" name="OpenCartSuite" finished-at="2023-05-23T12:03:19 IST" duration-ms="20764">
    <groups>
      <group name="Master">
        <method signature="TC_001_AccountRegistrationTest.testAccountRegistration()[pri:0, instance:testCases.TC_001_AccountRegistrationTest@36902638]" name="testAccountRegistration" class="testCases.TC_001_AccountRegistrationTest"/>
        <method signature="TC_002_LoginTest.testLogin()[pri:0, instance:testCases.TC_002_LoginTest@77847718]" name="testLogin" class="testCases.TC_002_LoginTest"/>
      </group> <!-- Master -->
      <group name="Sanity">
        <method signature="TC_002_LoginTest.testLogin()[pri:0, instance:testCases.TC_002_LoginTest@77847718]" name="testLogin" class="testCases.TC_002_LoginTest"/>
      </group> <!-- Sanity -->
      <group name="Regression">
        <method signature="TC_001_AccountRegistrationTest.testAccountRegistration()[pri:0, instance:testCases.TC_001_AccountRegistrationTest@36902638]" name="testAccountRegistration" class="testCases.TC_001_AccountRegistrationTest"/>
      </group> <!-- Regression -->
    </groups>
    <test started-at="2023-05-23T12:02:58 IST" name="OpenCartTest" finished-at="2023-05-23T12:03:19 IST" duration-ms="20764">
      <class name="testCases.TC_001_AccountRegistrationTest">
        <test-method is-config="true" signature="setup(java.lang.String)[pri:0, instance:testCases.TC_001_AccountRegistrationTest@36902638]" started-at="2023-05-23T12:02:59 IST" name="setup" finished-at="2023-05-23T12:03:06 IST" duration-ms="7282" status="PASS">
          <params>
            <param index="0">
              <value>
                <![CDATA[chrome]]>
              </value>
            </param>
          </params>
          <reporter-output>
          </reporter-output>
        </test-method> <!-- setup -->
        <test-method signature="testAccountRegistration()[pri:0, instance:testCases.TC_001_AccountRegistrationTest@36902638]" started-at="2023-05-23T12:03:06 IST" name="testAccountRegistration" finished-at="2023-05-23T12:03:11 IST" duration-ms="5171" status="PASS">
          <reporter-output>
          </reporter-output>
        </test-method> <!-- testAccountRegistration -->
        <test-method is-config="true" signature="tearDown()[pri:0, instance:testCases.TC_001_AccountRegistrationTest@36902638]" started-at="2023-05-23T12:03:11 IST" name="tearDown" finished-at="2023-05-23T12:03:12 IST" duration-ms="389" status="PASS">
          <reporter-output>
          </reporter-output>
        </test-method> <!-- tearDown -->
      </class> <!-- testCases.TC_001_AccountRegistrationTest -->
      <class name="testCases.TC_002_LoginTest">
        <test-method is-config="true" signature="setup(java.lang.String)[pri:0, instance:testCases.TC_002_LoginTest@77847718]" started-at="2023-05-23T12:03:12 IST" name="setup" finished-at="2023-05-23T12:03:16 IST" duration-ms="4349" status="PASS">
          <params>
            <param index="0">
              <value>
                <![CDATA[chrome]]>
              </value>
            </param>
          </params>
          <reporter-output>
          </reporter-output>
        </test-method> <!-- setup -->
        <test-method signature="testLogin()[pri:0, instance:testCases.TC_002_LoginTest@77847718]" started-at="2023-05-23T12:03:16 IST" name="testLogin" finished-at="2023-05-23T12:03:19 IST" duration-ms="2695" status="PASS">
          <reporter-output>
          </reporter-output>
        </test-method> <!-- testLogin -->
        <test-method is-config="true" signature="tearDown()[pri:0, instance:testCases.TC_002_LoginTest@77847718]" started-at="2023-05-23T12:03:19 IST" name="tearDown" finished-at="2023-05-23T12:03:19 IST" duration-ms="316" status="PASS">
          <reporter-output>
          </reporter-output>
        </test-method> <!-- tearDown -->
      </class> <!-- testCases.TC_002_LoginTest -->
    </test> <!-- OpenCartTest -->
  </suite> <!-- OpenCartSuite -->
</testng-results>
