<?xml version="1.0" encoding="UTF-8"?>
<testng-results ignored="0" total="2" passed="2" failed="0" skipped="0">
  <reporter-output>
  </reporter-output>
  <suite started-at="2023-05-23T09:47:03 IST" name="Failed suite [OpenCartSuite]" finished-at="2023-05-23T09:47:28 IST" duration-ms="25877">
    <groups>
      <group name="Master">
        <method signature="TC_001_AccountRegistrationTest.testAccountRegistration()[pri:0, instance:testCases.TC_001_AccountRegistrationTest@4c402120]" name="testAccountRegistration" class="testCases.TC_001_AccountRegistrationTest"/>
        <method signature="TC_002_LoginTest.testLogin()[pri:0, instance:testCases.TC_002_LoginTest@54d9d12d]" name="testLogin" class="testCases.TC_002_LoginTest"/>
      </group> <!-- Master -->
      <group name="Sanity">
        <method signature="TC_002_LoginTest.testLogin()[pri:0, instance:testCases.TC_002_LoginTest@54d9d12d]" name="testLogin" class="testCases.TC_002_LoginTest"/>
      </group> <!-- Sanity -->
      <group name="Regression">
        <method signature="TC_001_AccountRegistrationTest.testAccountRegistration()[pri:0, instance:testCases.TC_001_AccountRegistrationTest@4c402120]" name="testAccountRegistration" class="testCases.TC_001_AccountRegistrationTest"/>
      </group> <!-- Regression -->
    </groups>
    <test started-at="2023-05-23T09:47:03 IST" name="OpenCartTest(failed)" finished-at="2023-05-23T09:47:28 IST" duration-ms="25877">
      <class name="testCases.TC_001_AccountRegistrationTest">
        <test-method is-config="true" signature="setup(java.lang.String)[pri:0, instance:testCases.TC_001_AccountRegistrationTest@4c402120]" started-at="2023-05-23T09:47:15 IST" name="setup" finished-at="2023-05-23T09:47:23 IST" duration-ms="7534" status="PASS">
          <params>
            <param index="0">
              <value>
                <![CDATA[chrome]]>
              </value>
            </param>
          </params>
          <reporter-output>
          </reporter-output>
        </test-method> <!-- setup -->
        <test-method signature="testAccountRegistration()[pri:0, instance:testCases.TC_001_AccountRegistrationTest@4c402120]" started-at="2023-05-23T09:47:23 IST" name="testAccountRegistration" finished-at="2023-05-23T09:47:28 IST" duration-ms="5234" status="PASS">
          <reporter-output>
          </reporter-output>
        </test-method> <!-- testAccountRegistration -->
        <test-method is-config="true" signature="tearDown()[pri:0, instance:testCases.TC_001_AccountRegistrationTest@4c402120]" started-at="2023-05-23T09:47:28 IST" name="tearDown" finished-at="2023-05-23T09:47:28 IST" duration-ms="507" status="PASS">
          <reporter-output>
          </reporter-output>
        </test-method> <!-- tearDown -->
      </class> <!-- testCases.TC_001_AccountRegistrationTest -->
      <class name="testCases.TC_002_LoginTest">
        <test-method is-config="true" signature="setup(java.lang.String)[pri:0, instance:testCases.TC_002_LoginTest@54d9d12d]" started-at="2023-05-23T09:47:03 IST" name="setup" finished-at="2023-05-23T09:47:12 IST" duration-ms="9034" status="PASS">
          <params>
            <param index="0">
              <value>
                <![CDATA[chrome]]>
              </value>
            </param>
          </params>
          <reporter-output>
          </reporter-output>
        </test-method> <!-- setup -->
        <test-method signature="testLogin()[pri:0, instance:testCases.TC_002_LoginTest@54d9d12d]" started-at="2023-05-23T09:47:12 IST" name="testLogin" finished-at="2023-05-23T09:47:15 IST" duration-ms="2321" status="PASS">
          <reporter-output>
          </reporter-output>
        </test-method> <!-- testLogin -->
        <test-method is-config="true" signature="tearDown()[pri:0, instance:testCases.TC_002_LoginTest@54d9d12d]" started-at="2023-05-23T09:47:15 IST" name="tearDown" finished-at="2023-05-23T09:47:15 IST" duration-ms="381" status="PASS">
          <reporter-output>
          </reporter-output>
        </test-method> <!-- tearDown -->
      </class> <!-- testCases.TC_002_LoginTest -->
    </test> <!-- OpenCartTest(failed) -->
  </suite> <!-- Failed suite [OpenCartSuite] -->
</testng-results>
