<?xml version="1.0" encoding="UTF-8"?>
<!-- Generated by org.testng.reporters.JUnitXMLReporter -->
<testsuite ignored="0" hostname="DESKTOP-81SOS98" failures="2" tests="2" name="OpenCartTest" time="31.539" errors="0" timestamp="2023-05-23T09:34:46 IST">
  <testcase classname="testCases.TC_001_AccountRegistrationTest" name="testAccountRegistration" time="5.264">
    <failure type="java.lang.AssertionError" message="Not getting expected message expected [Your Account Has Been Created!@@] but found [Your Account Has Been Created!]">
      <![CDATA[java.lang.AssertionError: Not getting expected message expected [Your Account Has Been Created!@@] but found [Your Account Has Been Created!]
at testCases.TC_001_AccountRegistrationTest.testAccountRegistration(TC_001_AccountRegistrationTest.java:42)
at java.base/java.util.ArrayList.forEach(ArrayList.java:1511)
... Removed 32 stack frames]]>
    </failure>
  </testcase> <!-- testAccountRegistration -->
  <testcase classname="testCases.TC_002_LoginTest" name="testLogin" time="12.372">
    <failure type="java.lang.AssertionError" message="Invalid login data expected [true] but found [false]">
      <![CDATA[java.lang.AssertionError: Invalid login data expected [true] but found [false]
at testCases.TC_002_LoginTest.testLogin(TC_002_LoginTest.java:36)
at java.base/java.util.ArrayList.forEach(ArrayList.java:1511)
... Removed 30 stack frames]]>
    </failure>
  </testcase> <!-- testLogin -->
</testsuite> <!-- OpenCartTest -->
